  [1m[35m (286.9ms)[0m  [1m[35mCREATE DATABASE "hakohugu_winter_development" ENCODING = 'unicode'[0m
  ↳ bin/rails:9
  [1m[35m (280.2ms)[0m  [1m[35mCREATE DATABASE "hakohugu_winter_test" ENCODING = 'unicode'[0m
  ↳ bin/rails:9
Started GET "/" for 172.26.0.1 at 2018-10-11 16:50:26 +0000
  
ActiveRecord::NoDatabaseError (FATAL:  database "hakohugu_winter_development" does not exist
):
  
activerecord (5.2.0) lib/active_record/connection_adapters/postgresql_adapter.rb:688:in `rescue in connect'
activerecord (5.2.0) lib/active_record/connection_adapters/postgresql_adapter.rb:683:in `connect'
activerecord (5.2.0) lib/active_record/connection_adapters/postgresql_adapter.rb:215:in `initialize'
activerecord (5.2.0) lib/active_record/connection_adapters/postgresql_adapter.rb:40:in `new'
activerecord (5.2.0) lib/active_record/connection_adapters/postgresql_adapter.rb:40:in `postgresql_connection'
activerecord (5.2.0) lib/active_record/connection_adapters/abstract/connection_pool.rb:809:in `new_connection'
activerecord (5.2.0) lib/active_record/connection_adapters/abstract/connection_pool.rb:853:in `checkout_new_connection'
activerecord (5.2.0) lib/active_record/connection_adapters/abstract/connection_pool.rb:832:in `try_to_checkout_new_connection'
activerecord (5.2.0) lib/active_record/connection_adapters/abstract/connection_pool.rb:793:in `acquire_connection'
activerecord (5.2.0) lib/active_record/connection_adapters/abstract/connection_pool.rb:521:in `checkout'
activerecord (5.2.0) lib/active_record/connection_adapters/abstract/connection_pool.rb:380:in `connection'
activerecord (5.2.0) lib/active_record/connection_adapters/abstract/connection_pool.rb:1008:in `retrieve_connection'
activerecord (5.2.0) lib/active_record/connection_handling.rb:118:in `retrieve_connection'
activerecord (5.2.0) lib/active_record/connection_handling.rb:90:in `connection'
activerecord (5.2.0) lib/active_record/migration.rb:554:in `call'
actionpack (5.2.0) lib/action_dispatch/middleware/callbacks.rb:28:in `block in call'
activesupport (5.2.0) lib/active_support/callbacks.rb:98:in `run_callbacks'
actionpack (5.2.0) lib/action_dispatch/middleware/callbacks.rb:26:in `call'
actionpack (5.2.0) lib/action_dispatch/middleware/executor.rb:14:in `call'
actionpack (5.2.0) lib/action_dispatch/middleware/debug_exceptions.rb:61:in `call'
web-console (3.7.0) lib/web_console/middleware.rb:135:in `call_app'
web-console (3.7.0) lib/web_console/middleware.rb:30:in `block in call'
web-console (3.7.0) lib/web_console/middleware.rb:20:in `catch'
web-console (3.7.0) lib/web_console/middleware.rb:20:in `call'
actionpack (5.2.0) lib/action_dispatch/middleware/show_exceptions.rb:33:in `call'
railties (5.2.0) lib/rails/rack/logger.rb:38:in `call_app'
railties (5.2.0) lib/rails/rack/logger.rb:26:in `block in call'
activesupport (5.2.0) lib/active_support/tagged_logging.rb:71:in `block in tagged'
activesupport (5.2.0) lib/active_support/tagged_logging.rb:28:in `tagged'
activesupport (5.2.0) lib/active_support/tagged_logging.rb:71:in `tagged'
railties (5.2.0) lib/rails/rack/logger.rb:26:in `call'
sprockets-rails (3.2.1) lib/sprockets/rails/quiet_assets.rb:13:in `call'
actionpack (5.2.0) lib/action_dispatch/middleware/remote_ip.rb:81:in `call'
actionpack (5.2.0) lib/action_dispatch/middleware/request_id.rb:27:in `call'
rack (2.0.5) lib/rack/method_override.rb:22:in `call'
rack (2.0.5) lib/rack/runtime.rb:22:in `call'
activesupport (5.2.0) lib/active_support/cache/strategy/local_cache_middleware.rb:29:in `call'
actionpack (5.2.0) lib/action_dispatch/middleware/executor.rb:14:in `call'
actionpack (5.2.0) lib/action_dispatch/middleware/static.rb:127:in `call'
rack (2.0.5) lib/rack/sendfile.rb:111:in `call'
webpacker (3.5.5) lib/webpacker/dev_server_proxy.rb:22:in `perform_request'
rack-proxy (0.6.5) lib/rack/proxy.rb:57:in `call'
railties (5.2.0) lib/rails/engine.rb:524:in `call'
puma (3.12.0) lib/puma/configuration.rb:225:in `call'
puma (3.12.0) lib/puma/server.rb:658:in `handle_request'
puma (3.12.0) lib/puma/server.rb:472:in `process_client'
puma (3.12.0) lib/puma/server.rb:332:in `block in run'
puma (3.12.0) lib/puma/thread_pool.rb:133:in `block in spawn_thread'
  [1m[35m (281.5ms)[0m  [1m[35mCREATE DATABASE "hakohugu_winter_development" ENCODING = 'unicode'[0m
  ↳ bin/rails:9
  [1m[35m (278.2ms)[0m  [1m[35mCREATE DATABASE "hakohugu_winter_test" ENCODING = 'unicode'[0m
  ↳ bin/rails:9
  [1m[35m (0.8ms)[0m  [1m[35mCREATE DATABASE "hakohugu_winter_development" ENCODING = 'unicode'[0m
  ↳ bin/rails:9
  [1m[35m (0.9ms)[0m  [1m[35mCREATE DATABASE "hakohugu_winter_test" ENCODING = 'unicode'[0m
  ↳ bin/rails:9
Started GET "/" for 172.27.0.1 at 2018-10-11 16:54:14 +0000
Processing by HomeController#index as HTML
  Rendering home/index.html.erb within layouts/application
  Rendered home/index.html.erb within layouts/application (13.2ms)
Started GET "/" for 172.27.0.1 at 2018-10-11 16:54:24 +0000
Processing by HomeController#index as HTML
  Rendering home/index.html.erb within layouts/application
  Rendered home/index.html.erb within layouts/application (6.4ms)
Completed 200 OK in 25656ms (Views: 25674.0ms | ActiveRecord: 0.0ms)


Completed 200 OK in 26992ms (Views: 27015.7ms | ActiveRecord: 0.0ms)


Started GET "/" for 172.27.0.1 at 2018-10-11 16:55:02 +0000
Processing by HomeController#index as HTML
  Rendering home/index.html.erb within layouts/application
  Rendered home/index.html.erb within layouts/application (4.6ms)
Completed 200 OK in 139ms (Views: 123.8ms | ActiveRecord: 0.0ms)


Started GET "/" for 172.27.0.1 at 2018-10-11 16:55:05 +0000
Processing by HomeController#index as HTML
  Rendering home/index.html.erb within layouts/application
  Rendered home/index.html.erb within layouts/application (4.3ms)
Completed 200 OK in 133ms (Views: 116.5ms | ActiveRecord: 0.0ms)


Started GET "/" for 172.27.0.1 at 2018-10-11 16:55:06 +0000
Processing by HomeController#index as HTML
  Rendering home/index.html.erb within layouts/application
  Rendered home/index.html.erb within layouts/application (5.0ms)
Completed 200 OK in 120ms (Views: 106.9ms | ActiveRecord: 0.0ms)


Started GET "/" for 172.27.0.1 at 2018-10-11 16:55:06 +0000
Processing by HomeController#index as HTML
  Rendering home/index.html.erb within layouts/application
  Rendered home/index.html.erb within layouts/application (5.3ms)
Completed 200 OK in 137ms (Views: 121.9ms | ActiveRecord: 0.0ms)


Started GET "/" for 172.27.0.1 at 2018-10-11 16:55:07 +0000
Processing by HomeController#index as HTML
  Rendering home/index.html.erb within layouts/application
  Rendered home/index.html.erb within layouts/application (5.8ms)
Completed 200 OK in 148ms (Views: 132.5ms | ActiveRecord: 0.0ms)


Started GET "/" for 172.29.0.1 at 2018-10-12 03:23:28 +0000
  
ActiveRecord::NoDatabaseError (FATAL:  database "hakohugu_winter_development" does not exist
):
  
activerecord (5.2.0) lib/active_record/connection_adapters/postgresql_adapter.rb:688:in `rescue in connect'
activerecord (5.2.0) lib/active_record/connection_adapters/postgresql_adapter.rb:683:in `connect'
activerecord (5.2.0) lib/active_record/connection_adapters/postgresql_adapter.rb:215:in `initialize'
activerecord (5.2.0) lib/active_record/connection_adapters/postgresql_adapter.rb:40:in `new'
activerecord (5.2.0) lib/active_record/connection_adapters/postgresql_adapter.rb:40:in `postgresql_connection'
activerecord (5.2.0) lib/active_record/connection_adapters/abstract/connection_pool.rb:809:in `new_connection'
activerecord (5.2.0) lib/active_record/connection_adapters/abstract/connection_pool.rb:853:in `checkout_new_connection'
activerecord (5.2.0) lib/active_record/connection_adapters/abstract/connection_pool.rb:832:in `try_to_checkout_new_connection'
activerecord (5.2.0) lib/active_record/connection_adapters/abstract/connection_pool.rb:793:in `acquire_connection'
activerecord (5.2.0) lib/active_record/connection_adapters/abstract/connection_pool.rb:521:in `checkout'
activerecord (5.2.0) lib/active_record/connection_adapters/abstract/connection_pool.rb:380:in `connection'
activerecord (5.2.0) lib/active_record/connection_adapters/abstract/connection_pool.rb:1008:in `retrieve_connection'
activerecord (5.2.0) lib/active_record/connection_handling.rb:118:in `retrieve_connection'
activerecord (5.2.0) lib/active_record/connection_handling.rb:90:in `connection'
activerecord (5.2.0) lib/active_record/migration.rb:554:in `call'
actionpack (5.2.0) lib/action_dispatch/middleware/callbacks.rb:28:in `block in call'
activesupport (5.2.0) lib/active_support/callbacks.rb:98:in `run_callbacks'
actionpack (5.2.0) lib/action_dispatch/middleware/callbacks.rb:26:in `call'
actionpack (5.2.0) lib/action_dispatch/middleware/executor.rb:14:in `call'
actionpack (5.2.0) lib/action_dispatch/middleware/debug_exceptions.rb:61:in `call'
web-console (3.7.0) lib/web_console/middleware.rb:135:in `call_app'
web-console (3.7.0) lib/web_console/middleware.rb:30:in `block in call'
web-console (3.7.0) lib/web_console/middleware.rb:20:in `catch'
web-console (3.7.0) lib/web_console/middleware.rb:20:in `call'
actionpack (5.2.0) lib/action_dispatch/middleware/show_exceptions.rb:33:in `call'
railties (5.2.0) lib/rails/rack/logger.rb:38:in `call_app'
railties (5.2.0) lib/rails/rack/logger.rb:26:in `block in call'
activesupport (5.2.0) lib/active_support/tagged_logging.rb:71:in `block in tagged'
activesupport (5.2.0) lib/active_support/tagged_logging.rb:28:in `tagged'
activesupport (5.2.0) lib/active_support/tagged_logging.rb:71:in `tagged'
railties (5.2.0) lib/rails/rack/logger.rb:26:in `call'
sprockets-rails (3.2.1) lib/sprockets/rails/quiet_assets.rb:13:in `call'
actionpack (5.2.0) lib/action_dispatch/middleware/remote_ip.rb:81:in `call'
actionpack (5.2.0) lib/action_dispatch/middleware/request_id.rb:27:in `call'
rack (2.0.5) lib/rack/method_override.rb:22:in `call'
rack (2.0.5) lib/rack/runtime.rb:22:in `call'
activesupport (5.2.0) lib/active_support/cache/strategy/local_cache_middleware.rb:29:in `call'
actionpack (5.2.0) lib/action_dispatch/middleware/executor.rb:14:in `call'
actionpack (5.2.0) lib/action_dispatch/middleware/static.rb:127:in `call'
rack (2.0.5) lib/rack/sendfile.rb:111:in `call'
webpacker (3.5.5) lib/webpacker/dev_server_proxy.rb:22:in `perform_request'
rack-proxy (0.6.5) lib/rack/proxy.rb:57:in `call'
railties (5.2.0) lib/rails/engine.rb:524:in `call'
puma (3.12.0) lib/puma/configuration.rb:225:in `call'
puma (3.12.0) lib/puma/server.rb:658:in `handle_request'
puma (3.12.0) lib/puma/server.rb:472:in `process_client'
puma (3.12.0) lib/puma/server.rb:332:in `block in run'
puma (3.12.0) lib/puma/thread_pool.rb:133:in `block in spawn_thread'
  [1m[35m (287.0ms)[0m  [1m[35mCREATE DATABASE "hakohugu_winter_development" ENCODING = 'unicode'[0m
  ↳ bin/rails:9
  [1m[35m (275.5ms)[0m  [1m[35mCREATE DATABASE "hakohugu_winter_test" ENCODING = 'unicode'[0m
  ↳ bin/rails:9
Started GET "/" for 172.30.0.1 at 2018-10-12 03:24:45 +0000
Processing by HomeController#index as HTML
  Rendering home/index.html.erb within layouts/application
[Webpacker] Compiling…
[Webpacker] Compiled all packs in /hakohugu_winter/public/packs
  Rendered home/index.html.erb within layouts/application (14835.9ms)
Completed 200 OK in 38178ms (Views: 38191.4ms | ActiveRecord: 0.0ms)


  [1m[35m (287.9ms)[0m  [1m[35mCREATE DATABASE "hakohugu_winter_development" ENCODING = 'unicode'[0m
  ↳ bin/rails:9
  [1m[35m (293.5ms)[0m  [1m[35mCREATE DATABASE "hakohugu_winter_test" ENCODING = 'unicode'[0m
  ↳ bin/rails:9
Started GET "/" for 192.168.96.1 at 2018-10-12 06:08:27 +0000
Processing by HomeController#index as HTML
  Rendering home/index.html.erb within layouts/application
  Rendered home/index.html.erb within layouts/application (20.1ms)
Started GET "/" for 192.168.96.1 at 2018-10-12 06:08:31 +0000
Processing by HomeController#index as HTML
  Rendering home/index.html.erb within layouts/application
  Rendered home/index.html.erb within layouts/application (5.4ms)
Completed 200 OK in 28512ms (Views: 28527.4ms | ActiveRecord: 0.0ms)


Completed 200 OK in 27977ms (Views: 28001.0ms | ActiveRecord: 0.0ms)


Started GET "/" for 192.168.96.1 at 2018-10-12 06:09:48 +0000
Processing by HomeController#index as HTML
  Rendering home/index.html.erb within layouts/application
  Rendered home/index.html.erb within layouts/application (3.9ms)
Completed 200 OK in 111ms (Views: 100.3ms | ActiveRecord: 0.0ms)


Started GET "/" for 192.168.112.1 at 2018-10-12 06:10:21 +0000
  
ActiveRecord::NoDatabaseError (FATAL:  database "hakohugu_winter_development" does not exist
):
  
activerecord (5.2.0) lib/active_record/connection_adapters/postgresql_adapter.rb:688:in `rescue in connect'
activerecord (5.2.0) lib/active_record/connection_adapters/postgresql_adapter.rb:683:in `connect'
activerecord (5.2.0) lib/active_record/connection_adapters/postgresql_adapter.rb:215:in `initialize'
activerecord (5.2.0) lib/active_record/connection_adapters/postgresql_adapter.rb:40:in `new'
activerecord (5.2.0) lib/active_record/connection_adapters/postgresql_adapter.rb:40:in `postgresql_connection'
activerecord (5.2.0) lib/active_record/connection_adapters/abstract/connection_pool.rb:809:in `new_connection'
activerecord (5.2.0) lib/active_record/connection_adapters/abstract/connection_pool.rb:853:in `checkout_new_connection'
activerecord (5.2.0) lib/active_record/connection_adapters/abstract/connection_pool.rb:832:in `try_to_checkout_new_connection'
activerecord (5.2.0) lib/active_record/connection_adapters/abstract/connection_pool.rb:793:in `acquire_connection'
activerecord (5.2.0) lib/active_record/connection_adapters/abstract/connection_pool.rb:521:in `checkout'
activerecord (5.2.0) lib/active_record/connection_adapters/abstract/connection_pool.rb:380:in `connection'
activerecord (5.2.0) lib/active_record/connection_adapters/abstract/connection_pool.rb:1008:in `retrieve_connection'
activerecord (5.2.0) lib/active_record/connection_handling.rb:118:in `retrieve_connection'
activerecord (5.2.0) lib/active_record/connection_handling.rb:90:in `connection'
activerecord (5.2.0) lib/active_record/migration.rb:554:in `call'
actionpack (5.2.0) lib/action_dispatch/middleware/callbacks.rb:28:in `block in call'
activesupport (5.2.0) lib/active_support/callbacks.rb:98:in `run_callbacks'
actionpack (5.2.0) lib/action_dispatch/middleware/callbacks.rb:26:in `call'
actionpack (5.2.0) lib/action_dispatch/middleware/executor.rb:14:in `call'
actionpack (5.2.0) lib/action_dispatch/middleware/debug_exceptions.rb:61:in `call'
web-console (3.7.0) lib/web_console/middleware.rb:135:in `call_app'
web-console (3.7.0) lib/web_console/middleware.rb:30:in `block in call'
web-console (3.7.0) lib/web_console/middleware.rb:20:in `catch'
web-console (3.7.0) lib/web_console/middleware.rb:20:in `call'
actionpack (5.2.0) lib/action_dispatch/middleware/show_exceptions.rb:33:in `call'
railties (5.2.0) lib/rails/rack/logger.rb:38:in `call_app'
railties (5.2.0) lib/rails/rack/logger.rb:26:in `block in call'
activesupport (5.2.0) lib/active_support/tagged_logging.rb:71:in `block in tagged'
activesupport (5.2.0) lib/active_support/tagged_logging.rb:28:in `tagged'
activesupport (5.2.0) lib/active_support/tagged_logging.rb:71:in `tagged'
railties (5.2.0) lib/rails/rack/logger.rb:26:in `call'
sprockets-rails (3.2.1) lib/sprockets/rails/quiet_assets.rb:13:in `call'
actionpack (5.2.0) lib/action_dispatch/middleware/remote_ip.rb:81:in `call'
actionpack (5.2.0) lib/action_dispatch/middleware/request_id.rb:27:in `call'
rack (2.0.5) lib/rack/method_override.rb:22:in `call'
rack (2.0.5) lib/rack/runtime.rb:22:in `call'
activesupport (5.2.0) lib/active_support/cache/strategy/local_cache_middleware.rb:29:in `call'
actionpack (5.2.0) lib/action_dispatch/middleware/executor.rb:14:in `call'
actionpack (5.2.0) lib/action_dispatch/middleware/static.rb:127:in `call'
rack (2.0.5) lib/rack/sendfile.rb:111:in `call'
webpacker (3.5.5) lib/webpacker/dev_server_proxy.rb:22:in `perform_request'
rack-proxy (0.6.5) lib/rack/proxy.rb:57:in `call'
railties (5.2.0) lib/rails/engine.rb:524:in `call'
puma (3.12.0) lib/puma/configuration.rb:225:in `call'
puma (3.12.0) lib/puma/server.rb:658:in `handle_request'
puma (3.12.0) lib/puma/server.rb:472:in `process_client'
puma (3.12.0) lib/puma/server.rb:332:in `block in run'
puma (3.12.0) lib/puma/thread_pool.rb:133:in `block in spawn_thread'
  [1m[35m (287.4ms)[0m  [1m[35mCREATE DATABASE "hakohugu_winter_development" ENCODING = 'unicode'[0m
  ↳ bin/rails:9
  [1m[35m (279.4ms)[0m  [1m[35mCREATE DATABASE "hakohugu_winter_test" ENCODING = 'unicode'[0m
  ↳ bin/rails:9
Started GET "/" for 192.168.112.1 at 2018-10-12 06:10:57 +0000
Processing by HomeController#index as HTML
  Rendering home/index.html.erb within layouts/application
  Rendered home/index.html.erb within layouts/application (4.6ms)
Completed 200 OK in 19098ms (Views: 19083.2ms | ActiveRecord: 0.0ms)


Started GET "/" for 192.168.112.1 at 2018-10-12 06:11:23 +0000
Processing by HomeController#index as HTML
  Rendering home/index.html.erb within layouts/application
  Rendered home/index.html.erb within layouts/application (4.6ms)
Completed 200 OK in 123ms (Views: 110.1ms | ActiveRecord: 0.0ms)


Started GET "/" for 192.168.112.1 at 2018-10-12 06:11:24 +0000
Processing by HomeController#index as HTML
  Rendering home/index.html.erb within layouts/application
  Rendered home/index.html.erb within layouts/application (5.2ms)
Completed 200 OK in 140ms (Views: 126.1ms | ActiveRecord: 0.0ms)


  [1m[35m (316.3ms)[0m  [1m[35mCREATE DATABASE "hakohugu_winter_development" ENCODING = 'unicode'[0m
  ↳ bin/rails:9
  [1m[35m (305.6ms)[0m  [1m[35mCREATE DATABASE "hakohugu_winter_test" ENCODING = 'unicode'[0m
  ↳ bin/rails:9
Started GET "/" for 192.168.128.1 at 2018-10-12 06:51:16 +0000
Processing by HomeController#index as HTML
  Rendering home/index.html.erb within layouts/application
  Rendered home/index.html.erb within layouts/application (7.1ms)
Started GET "/" for 192.168.128.1 at 2018-10-12 06:51:21 +0000
Processing by HomeController#index as HTML
  Rendering home/index.html.erb within layouts/application
  Rendered home/index.html.erb within layouts/application (4.1ms)
Completed 200 OK in 26574ms (Views: 26586.3ms | ActiveRecord: 0.0ms)


Completed 200 OK in 25284ms (Views: 25309.7ms | ActiveRecord: 0.0ms)


Started GET "/" for 192.168.128.1 at 2018-10-12 06:53:37 +0000
Processing by HomeController#index as HTML
  Rendering home/index.html.erb within layouts/application
  Rendered home/index.html.erb within layouts/application (4.0ms)
Completed 200 OK in 114ms (Views: 101.6ms | ActiveRecord: 0.0ms)


Started GET "/" for 192.168.128.1 at 2018-10-12 06:53:59 +0000
Processing by HomeController#index as HTML
  Rendering home/index.html.erb within layouts/application
  Rendered home/index.html.erb within layouts/application (5.3ms)
Completed 200 OK in 110ms (Views: 98.6ms | ActiveRecord: 0.0ms)


Started GET "/" for 192.168.128.1 at 2018-10-12 06:54:24 +0000
Processing by HomeController#index as HTML
  Rendering home/index.html.erb within layouts/application
  Rendered home/index.html.erb within layouts/application (4.3ms)
Completed 200 OK in 118ms (Views: 103.8ms | ActiveRecord: 0.0ms)


Started GET "/" for 192.168.128.1 at 2018-10-12 06:54:28 +0000
Processing by HomeController#index as HTML
  Rendering home/index.html.erb within layouts/application
  Rendered home/index.html.erb within layouts/application (4.0ms)
Completed 200 OK in 125ms (Views: 110.6ms | ActiveRecord: 0.0ms)


Started GET "/" for 192.168.128.1 at 2018-10-12 06:54:51 +0000
Processing by HomeController#index as HTML
  Rendering home/index.html.erb within layouts/application
  Rendered home/index.html.erb within layouts/application (4.4ms)
Completed 200 OK in 113ms (Views: 98.3ms | ActiveRecord: 0.0ms)


Started GET "/" for 192.168.128.1 at 2018-10-12 06:54:54 +0000
Processing by HomeController#index as HTML
  Rendering home/index.html.erb within layouts/application
  Rendered home/index.html.erb within layouts/application (4.2ms)
Completed 200 OK in 129ms (Views: 114.0ms | ActiveRecord: 0.0ms)


Started GET "/" for 192.168.128.1 at 2018-10-12 06:54:55 +0000
Processing by HomeController#index as HTML
  Rendering home/index.html.erb within layouts/application
  Rendered home/index.html.erb within layouts/application (3.8ms)
Completed 200 OK in 107ms (Views: 95.8ms | ActiveRecord: 0.0ms)


Started GET "/" for 192.168.128.1 at 2018-10-12 06:54:55 +0000
Processing by HomeController#index as HTML
  Rendering home/index.html.erb within layouts/application
  Rendered home/index.html.erb within layouts/application (4.3ms)
Completed 200 OK in 138ms (Views: 123.7ms | ActiveRecord: 0.0ms)


Started GET "/" for 192.168.128.1 at 2018-10-12 06:55:07 +0000
Processing by HomeController#index as HTML
  Rendering home/index.html.erb within layouts/application
  Rendered home/index.html.erb within layouts/application (3.6ms)
Completed 200 OK in 99ms (Views: 88.0ms | ActiveRecord: 0.0ms)


  [1m[35m (289.0ms)[0m  [1m[35mCREATE DATABASE "hakohugu_winter_development" ENCODING = 'unicode'[0m
  ↳ bin/rails:9
  [1m[35m (301.2ms)[0m  [1m[35mCREATE DATABASE "hakohugu_winter_test" ENCODING = 'unicode'[0m
  ↳ bin/rails:9
Started GET "/" for 192.168.144.1 at 2018-10-12 06:57:16 +0000
Processing by HomeController#index as HTML
  Rendering home/index.html.erb within layouts/application
  Rendered home/index.html.erb within layouts/application (6.7ms)
Completed 200 OK in 20180ms (Views: 20189.1ms | ActiveRecord: 0.0ms)


Started GET "/" for 192.168.160.1 at 2018-10-12 07:01:55 +0000
  
ActiveRecord::NoDatabaseError (FATAL:  database "hakohugu_winter_development" does not exist
):
  
activerecord (5.2.0) lib/active_record/connection_adapters/postgresql_adapter.rb:688:in `rescue in connect'
activerecord (5.2.0) lib/active_record/connection_adapters/postgresql_adapter.rb:683:in `connect'
activerecord (5.2.0) lib/active_record/connection_adapters/postgresql_adapter.rb:215:in `initialize'
activerecord (5.2.0) lib/active_record/connection_adapters/postgresql_adapter.rb:40:in `new'
activerecord (5.2.0) lib/active_record/connection_adapters/postgresql_adapter.rb:40:in `postgresql_connection'
activerecord (5.2.0) lib/active_record/connection_adapters/abstract/connection_pool.rb:809:in `new_connection'
activerecord (5.2.0) lib/active_record/connection_adapters/abstract/connection_pool.rb:853:in `checkout_new_connection'
activerecord (5.2.0) lib/active_record/connection_adapters/abstract/connection_pool.rb:832:in `try_to_checkout_new_connection'
activerecord (5.2.0) lib/active_record/connection_adapters/abstract/connection_pool.rb:793:in `acquire_connection'
activerecord (5.2.0) lib/active_record/connection_adapters/abstract/connection_pool.rb:521:in `checkout'
activerecord (5.2.0) lib/active_record/connection_adapters/abstract/connection_pool.rb:380:in `connection'
activerecord (5.2.0) lib/active_record/connection_adapters/abstract/connection_pool.rb:1008:in `retrieve_connection'
activerecord (5.2.0) lib/active_record/connection_handling.rb:118:in `retrieve_connection'
activerecord (5.2.0) lib/active_record/connection_handling.rb:90:in `connection'
activerecord (5.2.0) lib/active_record/migration.rb:554:in `call'
actionpack (5.2.0) lib/action_dispatch/middleware/callbacks.rb:28:in `block in call'
activesupport (5.2.0) lib/active_support/callbacks.rb:98:in `run_callbacks'
actionpack (5.2.0) lib/action_dispatch/middleware/callbacks.rb:26:in `call'
actionpack (5.2.0) lib/action_dispatch/middleware/executor.rb:14:in `call'
actionpack (5.2.0) lib/action_dispatch/middleware/debug_exceptions.rb:61:in `call'
web-console (3.7.0) lib/web_console/middleware.rb:135:in `call_app'
web-console (3.7.0) lib/web_console/middleware.rb:30:in `block in call'
web-console (3.7.0) lib/web_console/middleware.rb:20:in `catch'
web-console (3.7.0) lib/web_console/middleware.rb:20:in `call'
actionpack (5.2.0) lib/action_dispatch/middleware/show_exceptions.rb:33:in `call'
railties (5.2.0) lib/rails/rack/logger.rb:38:in `call_app'
railties (5.2.0) lib/rails/rack/logger.rb:26:in `block in call'
activesupport (5.2.0) lib/active_support/tagged_logging.rb:71:in `block in tagged'
activesupport (5.2.0) lib/active_support/tagged_logging.rb:28:in `tagged'
activesupport (5.2.0) lib/active_support/tagged_logging.rb:71:in `tagged'
railties (5.2.0) lib/rails/rack/logger.rb:26:in `call'
sprockets-rails (3.2.1) lib/sprockets/rails/quiet_assets.rb:13:in `call'
actionpack (5.2.0) lib/action_dispatch/middleware/remote_ip.rb:81:in `call'
actionpack (5.2.0) lib/action_dispatch/middleware/request_id.rb:27:in `call'
rack (2.0.5) lib/rack/method_override.rb:22:in `call'
rack (2.0.5) lib/rack/runtime.rb:22:in `call'
activesupport (5.2.0) lib/active_support/cache/strategy/local_cache_middleware.rb:29:in `call'
actionpack (5.2.0) lib/action_dispatch/middleware/executor.rb:14:in `call'
actionpack (5.2.0) lib/action_dispatch/middleware/static.rb:127:in `call'
rack (2.0.5) lib/rack/sendfile.rb:111:in `call'
webpacker (3.5.5) lib/webpacker/dev_server_proxy.rb:22:in `perform_request'
rack-proxy (0.6.5) lib/rack/proxy.rb:57:in `call'
railties (5.2.0) lib/rails/engine.rb:524:in `call'
puma (3.12.0) lib/puma/configuration.rb:225:in `call'
puma (3.12.0) lib/puma/server.rb:658:in `handle_request'
puma (3.12.0) lib/puma/server.rb:472:in `process_client'
puma (3.12.0) lib/puma/server.rb:332:in `block in run'
puma (3.12.0) lib/puma/thread_pool.rb:133:in `block in spawn_thread'
  [1m[35m (283.5ms)[0m  [1m[35mCREATE DATABASE "hakohugu_winter_development" ENCODING = 'unicode'[0m
  ↳ bin/rails:9
  [1m[35m (310.0ms)[0m  [1m[35mCREATE DATABASE "hakohugu_winter_test" ENCODING = 'unicode'[0m
  ↳ bin/rails:9
Started GET "/" for 192.168.160.1 at 2018-10-12 07:02:41 +0000
Processing by HomeController#index as HTML
  Rendering home/index.html.erb within layouts/application
  Rendered home/index.html.erb within layouts/application (5.7ms)
Completed 200 OK in 21106ms (Views: 21124.6ms | ActiveRecord: 0.0ms)


Started GET "/" for 192.168.160.1 at 2018-10-12 07:07:01 +0000
Processing by HomeController#index as HTML
  Rendering home/index.html.erb within layouts/application
  Rendered home/index.html.erb within layouts/application (5.7ms)
Completed 200 OK in 120ms (Views: 106.7ms | ActiveRecord: 0.0ms)


Started GET "/" for 192.168.160.1 at 2018-10-12 07:07:03 +0000
Processing by HomeController#index as HTML
  Rendering home/index.html.erb within layouts/application
  Rendered home/index.html.erb within layouts/application (4.0ms)
Completed 200 OK in 106ms (Views: 95.0ms | ActiveRecord: 0.0ms)


Started GET "/" for 192.168.160.1 at 2018-10-12 07:07:07 +0000
Processing by HomeController#index as HTML
  Rendering home/index.html.erb within layouts/application
  Rendered home/index.html.erb within layouts/application (3.3ms)
Completed 200 OK in 90ms (Views: 80.2ms | ActiveRecord: 0.0ms)


Started GET "/" for 192.168.160.1 at 2018-10-12 07:12:43 +0000
Processing by HomeController#index as HTML
  Rendering home/index.html.erb within layouts/application
  Rendered home/index.html.erb within layouts/application (4.1ms)
Completed 200 OK in 88ms (Views: 76.5ms | ActiveRecord: 0.0ms)


Started GET "/" for 192.168.160.1 at 2018-10-12 07:12:45 +0000
Processing by HomeController#index as HTML
  Rendering home/index.html.erb within layouts/application
  Rendered home/index.html.erb within layouts/application (4.1ms)
Completed 200 OK in 101ms (Views: 89.7ms | ActiveRecord: 0.0ms)


Started GET "/" for 192.168.160.1 at 2018-10-12 07:13:09 +0000
Processing by HomeController#index as HTML
  Rendering home/index.html.erb within layouts/application
  Rendered home/index.html.erb within layouts/application (3.5ms)
Completed 200 OK in 100ms (Views: 89.4ms | ActiveRecord: 0.0ms)


Started GET "/" for 192.168.160.1 at 2018-10-12 07:13:36 +0000
Processing by HomeController#index as HTML
  Rendering home/index.html.erb within layouts/application
  Rendered home/index.html.erb within layouts/application (4.7ms)
Completed 200 OK in 125ms (Views: 111.6ms | ActiveRecord: 0.0ms)


Started GET "/" for 192.168.160.1 at 2018-10-12 07:13:38 +0000
Processing by HomeController#index as HTML
  Rendering home/index.html.erb within layouts/application
  Rendered home/index.html.erb within layouts/application (5.1ms)
Completed 200 OK in 125ms (Views: 109.3ms | ActiveRecord: 0.0ms)


Started GET "/" for 192.168.160.1 at 2018-10-12 07:14:02 +0000
Processing by HomeController#index as HTML
  Rendering home/index.html.erb within layouts/application
  Rendered home/index.html.erb within layouts/application (6.5ms)
Completed 200 OK in 150ms (Views: 135.0ms | ActiveRecord: 0.0ms)


Started GET "/" for 192.168.160.1 at 2018-10-12 07:17:09 +0000
Processing by HomeController#index as HTML
  Rendering home/index.html.erb within layouts/application
  Rendered home/index.html.erb within layouts/application (5.3ms)
Completed 200 OK in 109ms (Views: 97.7ms | ActiveRecord: 0.0ms)


Started GET "/" for 192.168.160.1 at 2018-10-12 07:17:21 +0000
Processing by HomeController#index as HTML
  Rendering home/index.html.erb within layouts/application
  Rendered home/index.html.erb within layouts/application (5.4ms)
Completed 200 OK in 116ms (Views: 104.3ms | ActiveRecord: 0.0ms)


Started GET "/" for 192.168.160.1 at 2018-10-12 07:17:41 +0000
Processing by HomeController#index as HTML
  Rendering home/index.html.erb within layouts/application
  Rendered home/index.html.erb within layouts/application (3.5ms)
Completed 200 OK in 102ms (Views: 91.7ms | ActiveRecord: 0.0ms)


Started GET "/" for 192.168.160.1 at 2018-10-12 07:26:11 +0000
Processing by HomeController#index as HTML
  Rendering home/index.html.erb within layouts/application
  Rendered home/index.html.erb within layouts/application (4.9ms)
Completed 200 OK in 111ms (Views: 95.5ms | ActiveRecord: 0.0ms)


Started GET "/" for 192.168.160.1 at 2018-10-12 07:26:28 +0000
Processing by HomeController#index as HTML
  Rendering home/index.html.erb within layouts/application
  Rendered home/index.html.erb within layouts/application (4.0ms)
Completed 200 OK in 113ms (Views: 98.8ms | ActiveRecord: 0.0ms)


Started GET "/" for 192.168.160.1 at 2018-10-12 07:28:52 +0000
Processing by HomeController#index as HTML
  Rendering home/index.html.erb within layouts/application
  Rendered home/index.html.erb within layouts/application (4.7ms)
Completed 200 OK in 126ms (Views: 113.2ms | ActiveRecord: 0.0ms)


Started GET "/" for 192.168.160.1 at 2018-10-12 07:30:01 +0000
Processing by HomeController#index as HTML
  Rendering home/index.html.erb within layouts/application
  Rendered home/index.html.erb within layouts/application (3.9ms)
Completed 200 OK in 115ms (Views: 103.5ms | ActiveRecord: 0.0ms)


Started GET "/" for 192.168.160.1 at 2018-10-12 07:30:06 +0000
Processing by HomeController#index as HTML
  Rendering home/index.html.erb within layouts/application
  Rendered home/index.html.erb within layouts/application (5.3ms)
Completed 200 OK in 140ms (Views: 125.0ms | ActiveRecord: 0.0ms)


